mode: atomic
github.com/nursu79/go-production-api/internal/delivery/http/health_handler.go:17.60,19.2 1 0
github.com/nursu79/go-production-api/internal/delivery/http/health_handler.go:21.78,23.21 2 0
github.com/nursu79/go-production-api/internal/delivery/http/health_handler.go:23.21,25.3 1 0
github.com/nursu79/go-production-api/internal/delivery/http/health_handler.go:25.8,25.67 1 0
github.com/nursu79/go-production-api/internal/delivery/http/health_handler.go:25.67,27.3 1 0
github.com/nursu79/go-production-api/internal/delivery/http/health_handler.go:29.2,37.58 4 0
github.com/nursu79/go-production-api/internal/delivery/http/health_handler.go:37.58,39.3 1 0
github.com/nursu79/go-production-api/internal/delivery/http/router.go:16.164,41.40 12 0
github.com/nursu79/go-production-api/internal/delivery/http/router.go:41.40,42.39 1 0
github.com/nursu79/go-production-api/internal/delivery/http/router.go:42.39,48.4 3 0
github.com/nursu79/go-production-api/internal/delivery/http/router.go:50.3,50.40 1 0
github.com/nursu79/go-production-api/internal/delivery/http/router.go:50.40,54.4 3 0
github.com/nursu79/go-production-api/internal/delivery/http/router.go:56.3,56.40 1 0
github.com/nursu79/go-production-api/internal/delivery/http/router.go:56.40,62.4 4 0
github.com/nursu79/go-production-api/internal/delivery/http/router.go:65.2,65.10 1 0
github.com/nursu79/go-production-api/cmd/api/main.go:23.13,30.16 4 0
github.com/nursu79/go-production-api/cmd/api/main.go:30.16,33.3 2 0
github.com/nursu79/go-production-api/cmd/api/main.go:36.2,37.16 2 0
github.com/nursu79/go-production-api/cmd/api/main.go:37.16,40.3 2 0
github.com/nursu79/go-production-api/cmd/api/main.go:41.2,44.33 2 0
github.com/nursu79/go-production-api/cmd/api/main.go:44.33,46.72 2 0
github.com/nursu79/go-production-api/cmd/api/main.go:46.72,49.4 2 0
github.com/nursu79/go-production-api/cmd/api/main.go:53.2,73.12 9 0
github.com/nursu79/go-production-api/cmd/api/main.go:73.12,76.3 2 0
github.com/nursu79/go-production-api/cmd/api/main.go:80.2,84.9 3 0
github.com/nursu79/go-production-api/cmd/api/main.go:85.29,86.52 1 0
github.com/nursu79/go-production-api/cmd/api/main.go:88.25,96.43 4 0
github.com/nursu79/go-production-api/cmd/api/main.go:96.43,99.18 3 0
github.com/nursu79/go-production-api/cmd/api/main.go:99.18,101.5 1 0
github.com/nursu79/go-production-api/cmd/api/main.go:103.3,103.43 1 0
github.com/nursu79/go-production-api/cmd/api/main.go:108.71,115.34 5 0
github.com/nursu79/go-production-api/cmd/api/main.go:115.34,117.17 2 0
github.com/nursu79/go-production-api/cmd/api/main.go:117.17,119.18 2 0
github.com/nursu79/go-production-api/cmd/api/main.go:119.18,122.5 2 0
github.com/nursu79/go-production-api/cmd/api/main.go:125.3,126.25 2 0
github.com/nursu79/go-production-api/cmd/api/main.go:129.2,129.95 1 0
github.com/nursu79/go-production-api/internal/config/config.go:24.34,27.2 1 0
github.com/nursu79/go-production-api/internal/config/config.go:30.30,33.16 2 0
github.com/nursu79/go-production-api/internal/config/config.go:33.16,35.3 1 0
github.com/nursu79/go-production-api/internal/config/config.go:37.2,38.39 2 0
github.com/nursu79/go-production-api/internal/config/config.go:38.39,40.3 1 0
github.com/nursu79/go-production-api/internal/config/config.go:42.2,42.17 1 0
github.com/nursu79/go-production-api/internal/usecase/user_usecase.go:24.135,31.2 1 2
github.com/nursu79/go-production-api/internal/usecase/user_usecase.go:34.99,36.52 1 4
github.com/nursu79/go-production-api/internal/usecase/user_usecase.go:36.52,38.3 1 1
github.com/nursu79/go-production-api/internal/usecase/user_usecase.go:40.2,40.23 1 3
github.com/nursu79/go-production-api/internal/usecase/user_usecase.go:40.23,42.3 1 1
github.com/nursu79/go-production-api/internal/usecase/user_usecase.go:45.2,46.16 2 2
github.com/nursu79/go-production-api/internal/usecase/user_usecase.go:46.16,48.3 1 0
github.com/nursu79/go-production-api/internal/usecase/user_usecase.go:51.2,57.41 2 2
github.com/nursu79/go-production-api/internal/usecase/user_usecase.go:61.98,64.16 2 3
github.com/nursu79/go-production-api/internal/usecase/user_usecase.go:64.16,67.3 1 1
github.com/nursu79/go-production-api/internal/usecase/user_usecase.go:70.2,70.95 1 2
github.com/nursu79/go-production-api/internal/usecase/user_usecase.go:70.95,72.3 1 1
github.com/nursu79/go-production-api/internal/usecase/user_usecase.go:75.2,86.16 5 1
github.com/nursu79/go-production-api/internal/usecase/user_usecase.go:86.16,88.3 1 0
github.com/nursu79/go-production-api/internal/usecase/user_usecase.go:91.2,101.16 5 1
github.com/nursu79/go-production-api/internal/usecase/user_usecase.go:101.16,103.3 1 0
github.com/nursu79/go-production-api/internal/usecase/user_usecase.go:105.2,105.51 1 1
github.com/nursu79/go-production-api/internal/usecase/user_usecase.go:109.92,110.57 1 0
github.com/nursu79/go-production-api/internal/usecase/user_usecase.go:110.57,113.3 1 0
github.com/nursu79/go-production-api/internal/usecase/user_usecase.go:114.2,114.12 1 0
github.com/nursu79/go-production-api/internal/usecase/user_usecase.go:118.91,122.57 2 0
github.com/nursu79/go-production-api/internal/usecase/user_usecase.go:122.57,124.17 2 0
github.com/nursu79/go-production-api/internal/usecase/user_usecase.go:124.17,126.69 2 0
github.com/nursu79/go-production-api/internal/usecase/user_usecase.go:126.69,128.5 1 0
github.com/nursu79/go-production-api/internal/usecase/user_usecase.go:133.2,134.16 2 0
github.com/nursu79/go-production-api/internal/usecase/user_usecase.go:134.16,136.3 1 0
github.com/nursu79/go-production-api/internal/usecase/user_usecase.go:139.2,139.57 1 0
github.com/nursu79/go-production-api/internal/usecase/user_usecase.go:139.57,140.41 1 0
github.com/nursu79/go-production-api/internal/usecase/user_usecase.go:140.41,142.18 2 0
github.com/nursu79/go-production-api/internal/usecase/user_usecase.go:142.18,145.5 1 0
github.com/nursu79/go-production-api/internal/usecase/user_usecase.go:149.2,149.18 1 0
github.com/nursu79/go-production-api/internal/usecase/user_usecase.go:153.114,156.16 2 0
github.com/nursu79/go-production-api/internal/usecase/user_usecase.go:156.16,158.3 1 0
github.com/nursu79/go-production-api/internal/usecase/user_usecase.go:161.2,161.57 1 0
github.com/nursu79/go-production-api/internal/usecase/user_usecase.go:161.57,164.3 2 0
github.com/nursu79/go-production-api/internal/usecase/user_usecase.go:166.2,166.24 1 0
github.com/nursu79/go-production-api/internal/usecase/user_usecase.go:170.80,172.2 1 0
github.com/nursu79/go-production-api/internal/usecase/user_usecase.go:175.75,178.16 2 0
github.com/nursu79/go-production-api/internal/usecase/user_usecase.go:178.16,180.3 1 0
github.com/nursu79/go-production-api/internal/usecase/user_usecase.go:183.2,183.57 1 0
github.com/nursu79/go-production-api/internal/usecase/user_usecase.go:183.57,186.3 2 0
github.com/nursu79/go-production-api/internal/usecase/user_usecase.go:188.2,188.12 1 0
github.com/nursu79/go-production-api/internal/infrastructure/redis/redis.go:18.79,34.44 6 0
github.com/nursu79/go-production-api/internal/infrastructure/redis/redis.go:34.44,38.3 2 0
github.com/nursu79/go-production-api/internal/infrastructure/redis/redis.go:40.2,41.29 2 0
github.com/nursu79/go-production-api/internal/repository/storage/db.go:20.28,22.2 1 0
github.com/nursu79/go-production-api/internal/repository/storage/db.go:28.46,32.2 1 0
github.com/nursu79/go-production-api/internal/repository/storage/users.sql.go:30.87,43.2 4 0
github.com/nursu79/go-production-api/internal/repository/storage/users.sql.go:51.68,53.16 2 0
github.com/nursu79/go-production-api/internal/repository/storage/users.sql.go:53.16,55.3 1 0
github.com/nursu79/go-production-api/internal/repository/storage/users.sql.go:56.2,58.18 3 0
github.com/nursu79/go-production-api/internal/repository/storage/users.sql.go:58.18,68.17 2 0
github.com/nursu79/go-production-api/internal/repository/storage/users.sql.go:68.17,70.4 1 0
github.com/nursu79/go-production-api/internal/repository/storage/users.sql.go:71.3,71.27 1 0
github.com/nursu79/go-production-api/internal/repository/storage/users.sql.go:73.2,73.35 1 0
github.com/nursu79/go-production-api/internal/repository/storage/users.sql.go:73.35,75.3 1 0
github.com/nursu79/go-production-api/internal/repository/storage/users.sql.go:76.2,76.19 1 0
github.com/nursu79/go-production-api/internal/repository/storage/users.sql.go:84.83,97.2 4 0
github.com/nursu79/go-production-api/internal/repository/storage/users.sql.go:105.82,118.2 4 0
github.com/nursu79/go-production-api/internal/repository/storage/users.sql.go:126.77,129.2 2 0
github.com/nursu79/go-production-api/internal/repository/storage/users.sql.go:147.87,160.2 4 0
github.com/nursu79/go-production-api/internal/delivery/http/response/response.go:12.74,14.16 2 0
github.com/nursu79/go-production-api/internal/delivery/http/response/response.go:14.16,18.3 3 0
github.com/nursu79/go-production-api/internal/delivery/http/response/response.go:19.2,21.19 3 0
github.com/nursu79/go-production-api/internal/delivery/http/response/response.go:25.53,29.9 3 0
github.com/nursu79/go-production-api/internal/delivery/http/response/response.go:30.44,32.28 2 0
github.com/nursu79/go-production-api/internal/delivery/http/response/response.go:33.48,35.39 2 0
github.com/nursu79/go-production-api/internal/delivery/http/response/response.go:36.42,38.33 2 0
github.com/nursu79/go-production-api/internal/delivery/http/response/response.go:41.2,41.61 1 0
github.com/nursu79/go-production-api/pkg/logger/logger.go:9.13,15.2 3 0
github.com/nursu79/go-production-api/internal/middleware/jwt.go:16.94,17.46 1 0
github.com/nursu79/go-production-api/internal/middleware/jwt.go:17.46,18.72 1 0
github.com/nursu79/go-production-api/internal/middleware/jwt.go:18.72,20.24 2 0
github.com/nursu79/go-production-api/internal/middleware/jwt.go:20.24,23.5 2 0
github.com/nursu79/go-production-api/internal/middleware/jwt.go:25.4,26.64 2 0
github.com/nursu79/go-production-api/internal/middleware/jwt.go:26.64,29.5 2 0
github.com/nursu79/go-production-api/internal/middleware/jwt.go:31.4,34.81 2 0
github.com/nursu79/go-production-api/internal/middleware/jwt.go:34.81,35.56 1 0
github.com/nursu79/go-production-api/internal/middleware/jwt.go:35.56,37.6 1 0
github.com/nursu79/go-production-api/internal/middleware/jwt.go:38.5,38.31 1 0
github.com/nursu79/go-production-api/internal/middleware/jwt.go:41.4,41.34 1 0
github.com/nursu79/go-production-api/internal/middleware/jwt.go:41.34,44.5 2 0
github.com/nursu79/go-production-api/internal/middleware/jwt.go:46.4,47.11 2 0
github.com/nursu79/go-production-api/internal/middleware/jwt.go:47.11,50.5 2 0
github.com/nursu79/go-production-api/internal/middleware/jwt.go:53.4,53.77 1 0
github.com/nursu79/go-production-api/internal/middleware/jwt.go:53.77,56.5 2 0
github.com/nursu79/go-production-api/internal/middleware/jwt.go:59.4,60.11 2 0
github.com/nursu79/go-production-api/internal/middleware/jwt.go:60.11,63.5 2 0
github.com/nursu79/go-production-api/internal/middleware/jwt.go:66.4,66.55 1 0
github.com/nursu79/go-production-api/internal/middleware/jwt.go:66.55,68.40 2 0
github.com/nursu79/go-production-api/internal/middleware/jwt.go:68.40,71.6 2 0
github.com/nursu79/go-production-api/internal/middleware/jwt.go:75.4,76.11 2 0
github.com/nursu79/go-production-api/internal/middleware/jwt.go:76.11,79.5 2 0
github.com/nursu79/go-production-api/internal/middleware/jwt.go:82.4,83.11 2 0
github.com/nursu79/go-production-api/internal/middleware/jwt.go:83.11,85.5 1 0
github.com/nursu79/go-production-api/internal/middleware/jwt.go:88.4,92.41 4 0
github.com/nursu79/go-production-api/internal/middleware/logger.go:12.59,13.46 1 0
github.com/nursu79/go-production-api/internal/middleware/logger.go:13.46,14.72 1 0
github.com/nursu79/go-production-api/internal/middleware/logger.go:14.72,31.4 5 0
github.com/nursu79/go-production-api/internal/middleware/ratelimit.go:27.13,28.12 1 0
github.com/nursu79/go-production-api/internal/middleware/ratelimit.go:28.12,29.7 1 0
github.com/nursu79/go-production-api/internal/middleware/ratelimit.go:29.7,32.36 3 0
github.com/nursu79/go-production-api/internal/middleware/ratelimit.go:32.36,33.52 1 0
github.com/nursu79/go-production-api/internal/middleware/ratelimit.go:33.52,35.6 1 0
github.com/nursu79/go-production-api/internal/middleware/ratelimit.go:37.4,37.15 1 0
github.com/nursu79/go-production-api/internal/middleware/ratelimit.go:44.100,45.46 1 0
github.com/nursu79/go-production-api/internal/middleware/ratelimit.go:45.46,46.74 1 0
github.com/nursu79/go-production-api/internal/middleware/ratelimit.go:46.74,50.55 2 0
github.com/nursu79/go-production-api/internal/middleware/ratelimit.go:50.55,52.40 2 0
github.com/nursu79/go-production-api/internal/middleware/ratelimit.go:52.40,54.6 1 0
github.com/nursu79/go-production-api/internal/middleware/ratelimit.go:55.5,57.37 2 0
github.com/nursu79/go-production-api/internal/middleware/ratelimit.go:57.37,61.6 3 0
github.com/nursu79/go-production-api/internal/middleware/ratelimit.go:62.5,64.11 3 0
github.com/nursu79/go-production-api/internal/middleware/ratelimit.go:68.4,73.18 4 0
github.com/nursu79/go-production-api/internal/middleware/ratelimit.go:73.18,77.5 2 0
github.com/nursu79/go-production-api/internal/middleware/ratelimit.go:80.4,80.18 1 0
github.com/nursu79/go-production-api/internal/middleware/ratelimit.go:80.18,82.5 1 0
github.com/nursu79/go-production-api/internal/middleware/ratelimit.go:85.4,85.28 1 0
github.com/nursu79/go-production-api/internal/middleware/ratelimit.go:85.28,88.5 2 0
github.com/nursu79/go-production-api/internal/middleware/ratelimit.go:90.4,90.26 1 0
github.com/nursu79/go-production-api/internal/middleware/ratelimit.go:96.36,99.15 2 0
github.com/nursu79/go-production-api/internal/middleware/ratelimit.go:99.15,102.3 2 0
github.com/nursu79/go-production-api/internal/middleware/ratelimit.go:105.2,106.16 2 0
github.com/nursu79/go-production-api/internal/middleware/ratelimit.go:106.16,108.3 1 0
github.com/nursu79/go-production-api/internal/middleware/ratelimit.go:111.2,112.16 2 0
github.com/nursu79/go-production-api/internal/middleware/ratelimit.go:112.16,114.3 1 0
github.com/nursu79/go-production-api/internal/middleware/ratelimit.go:115.2,115.11 1 0
github.com/nursu79/go-production-api/internal/middleware/rbac.go:11.76,12.46 1 0
github.com/nursu79/go-production-api/internal/middleware/rbac.go:12.46,13.72 1 0
github.com/nursu79/go-production-api/internal/middleware/rbac.go:13.72,16.11 2 0
github.com/nursu79/go-production-api/internal/middleware/rbac.go:16.11,19.5 2 0
github.com/nursu79/go-production-api/internal/middleware/rbac.go:22.4,23.45 2 0
github.com/nursu79/go-production-api/internal/middleware/rbac.go:23.45,24.28 1 0
github.com/nursu79/go-production-api/internal/middleware/rbac.go:24.28,26.11 2 0
github.com/nursu79/go-production-api/internal/middleware/rbac.go:30.4,30.18 1 0
github.com/nursu79/go-production-api/internal/middleware/rbac.go:30.18,33.5 2 0
github.com/nursu79/go-production-api/internal/middleware/rbac.go:35.4,35.24 1 0
github.com/nursu79/go-production-api/internal/middleware/security.go:8.52,9.71 1 0
github.com/nursu79/go-production-api/internal/middleware/security.go:9.71,16.3 5 0
github.com/nursu79/go-production-api/internal/middleware/security.go:20.80,21.46 1 0
github.com/nursu79/go-production-api/internal/middleware/security.go:21.46,22.72 1 0
github.com/nursu79/go-production-api/internal/middleware/security.go:22.72,26.28 2 0
github.com/nursu79/go-production-api/internal/middleware/security.go:26.28,28.5 1 0
github.com/nursu79/go-production-api/internal/middleware/security.go:28.10,31.38 2 0
github.com/nursu79/go-production-api/internal/middleware/security.go:31.38,32.21 1 0
github.com/nursu79/go-production-api/internal/middleware/security.go:32.21,34.12 2 0
github.com/nursu79/go-production-api/internal/middleware/security.go:37.5,37.16 1 0
github.com/nursu79/go-production-api/internal/middleware/security.go:37.16,39.6 1 0
github.com/nursu79/go-production-api/internal/middleware/security.go:42.4,47.38 4 0
github.com/nursu79/go-production-api/internal/middleware/security.go:47.38,51.5 3 0
github.com/nursu79/go-production-api/internal/middleware/security.go:53.4,53.24 1 0
github.com/nursu79/go-production-api/internal/middleware/timeout.go:9.70,10.46 1 0
github.com/nursu79/go-production-api/internal/middleware/timeout.go:10.46,13.3 1 0
github.com/nursu79/go-production-api/internal/repository/migrate.go:14.58,18.16 3 0
github.com/nursu79/go-production-api/internal/repository/migrate.go:18.16,20.3 1 0
github.com/nursu79/go-production-api/internal/repository/migrate.go:21.2,23.31 2 0
github.com/nursu79/go-production-api/internal/repository/migrate.go:23.31,24.42 1 0
github.com/nursu79/go-production-api/internal/repository/migrate.go:24.42,27.4 2 0
github.com/nursu79/go-production-api/internal/repository/migrate.go:29.3,29.57 1 0
github.com/nursu79/go-production-api/internal/repository/migrate.go:32.2,33.12 2 0
github.com/nursu79/go-production-api/internal/repository/user_repository.go:21.64,25.2 1 0
github.com/nursu79/go-production-api/internal/repository/user_repository.go:28.98,35.16 2 0
github.com/nursu79/go-production-api/internal/repository/user_repository.go:35.16,37.54 2 0
github.com/nursu79/go-production-api/internal/repository/user_repository.go:37.54,39.4 1 0
github.com/nursu79/go-production-api/internal/repository/user_repository.go:40.3,40.18 1 0
github.com/nursu79/go-production-api/internal/repository/user_repository.go:43.2,43.31 1 0
github.com/nursu79/go-production-api/internal/repository/user_repository.go:47.98,49.16 2 0
github.com/nursu79/go-production-api/internal/repository/user_repository.go:49.16,50.36 1 0
github.com/nursu79/go-production-api/internal/repository/user_repository.go:50.36,52.4 1 0
github.com/nursu79/go-production-api/internal/repository/user_repository.go:53.3,53.18 1 0
github.com/nursu79/go-production-api/internal/repository/user_repository.go:56.2,56.31 1 0
github.com/nursu79/go-production-api/internal/repository/user_repository.go:60.95,63.16 3 0
github.com/nursu79/go-production-api/internal/repository/user_repository.go:63.16,64.36 1 0
github.com/nursu79/go-production-api/internal/repository/user_repository.go:64.36,66.4 1 0
github.com/nursu79/go-production-api/internal/repository/user_repository.go:67.3,67.18 1 0
github.com/nursu79/go-production-api/internal/repository/user_repository.go:70.2,70.31 1 0
github.com/nursu79/go-production-api/internal/repository/user_repository.go:74.114,82.16 3 0
github.com/nursu79/go-production-api/internal/repository/user_repository.go:82.16,83.36 1 0
github.com/nursu79/go-production-api/internal/repository/user_repository.go:83.36,85.4 1 0
github.com/nursu79/go-production-api/internal/repository/user_repository.go:87.3,88.54 2 0
github.com/nursu79/go-production-api/internal/repository/user_repository.go:88.54,90.4 1 0
github.com/nursu79/go-production-api/internal/repository/user_repository.go:91.3,91.18 1 0
github.com/nursu79/go-production-api/internal/repository/user_repository.go:94.2,94.31 1 0
github.com/nursu79/go-production-api/internal/repository/user_repository.go:98.83,100.16 2 0
github.com/nursu79/go-production-api/internal/repository/user_repository.go:100.16,102.3 1 0
github.com/nursu79/go-production-api/internal/repository/user_repository.go:104.2,105.26 2 0
github.com/nursu79/go-production-api/internal/repository/user_repository.go:105.26,107.3 1 0
github.com/nursu79/go-production-api/internal/repository/user_repository.go:109.2,109.20 1 0
github.com/nursu79/go-production-api/internal/repository/user_repository.go:113.78,116.16 3 0
github.com/nursu79/go-production-api/internal/repository/user_repository.go:116.16,117.36 1 0
github.com/nursu79/go-production-api/internal/repository/user_repository.go:117.36,119.4 1 0
github.com/nursu79/go-production-api/internal/repository/user_repository.go:120.3,120.13 1 0
github.com/nursu79/go-production-api/internal/repository/user_repository.go:123.2,123.12 1 0
github.com/nursu79/go-production-api/internal/repository/user_repository.go:127.48,137.23 2 0
github.com/nursu79/go-production-api/internal/repository/user_repository.go:137.23,139.3 1 0
github.com/nursu79/go-production-api/internal/repository/user_repository.go:141.2,141.19 1 0
github.com/nursu79/go-production-api/internal/delivery/http/handler/admin_handler.go:17.68,21.2 1 1
github.com/nursu79/go-production-api/internal/delivery/http/handler/admin_handler.go:24.76,26.16 2 0
github.com/nursu79/go-production-api/internal/delivery/http/handler/admin_handler.go:26.16,29.3 2 0
github.com/nursu79/go-production-api/internal/delivery/http/handler/admin_handler.go:32.2,33.29 2 0
github.com/nursu79/go-production-api/internal/delivery/http/handler/admin_handler.go:33.29,40.3 1 0
github.com/nursu79/go-production-api/internal/delivery/http/handler/admin_handler.go:43.2,43.20 1 0
github.com/nursu79/go-production-api/internal/delivery/http/handler/admin_handler.go:43.20,46.3 2 0
github.com/nursu79/go-production-api/internal/delivery/http/handler/admin_handler.go:48.2,48.46 1 0
github.com/nursu79/go-production-api/internal/delivery/http/handler/admin_handler.go:52.75,55.16 3 0
github.com/nursu79/go-production-api/internal/delivery/http/handler/admin_handler.go:55.16,58.3 2 0
github.com/nursu79/go-production-api/internal/delivery/http/handler/admin_handler.go:60.2,60.66 1 0
github.com/nursu79/go-production-api/internal/delivery/http/handler/admin_handler.go:60.66,63.3 2 0
github.com/nursu79/go-production-api/internal/delivery/http/handler/admin_handler.go:66.2,66.37 1 0
github.com/nursu79/go-production-api/internal/delivery/http/handler/user_handler.go:18.66,22.2 1 1
github.com/nursu79/go-production-api/internal/delivery/http/handler/user_handler.go:39.72,41.61 2 1
github.com/nursu79/go-production-api/internal/delivery/http/handler/user_handler.go:41.61,44.3 2 0
github.com/nursu79/go-production-api/internal/delivery/http/handler/user_handler.go:47.2,48.16 2 1
github.com/nursu79/go-production-api/internal/delivery/http/handler/user_handler.go:48.16,51.3 2 0
github.com/nursu79/go-production-api/internal/delivery/http/handler/user_handler.go:54.2,61.51 2 1
github.com/nursu79/go-production-api/internal/delivery/http/handler/user_handler.go:77.69,79.61 2 1
github.com/nursu79/go-production-api/internal/delivery/http/handler/user_handler.go:79.61,82.3 2 0
github.com/nursu79/go-production-api/internal/delivery/http/handler/user_handler.go:84.2,85.16 2 1
github.com/nursu79/go-production-api/internal/delivery/http/handler/user_handler.go:85.16,88.3 2 0
github.com/nursu79/go-production-api/internal/delivery/http/handler/user_handler.go:90.2,94.46 2 1
github.com/nursu79/go-production-api/internal/delivery/http/handler/user_handler.go:98.70,101.9 2 0
github.com/nursu79/go-production-api/internal/delivery/http/handler/user_handler.go:101.9,104.3 2 0
github.com/nursu79/go-production-api/internal/delivery/http/handler/user_handler.go:108.2,109.16 2 0
github.com/nursu79/go-production-api/internal/delivery/http/handler/user_handler.go:109.16,112.3 2 0
github.com/nursu79/go-production-api/internal/delivery/http/handler/user_handler.go:114.2,114.97 1 0
github.com/nursu79/go-production-api/internal/delivery/http/handler/user_handler.go:118.69,121.9 2 1
github.com/nursu79/go-production-api/internal/delivery/http/handler/user_handler.go:121.9,124.3 2 0
github.com/nursu79/go-production-api/internal/delivery/http/handler/user_handler.go:126.2,127.16 2 1
github.com/nursu79/go-production-api/internal/delivery/http/handler/user_handler.go:127.16,130.3 2 0
github.com/nursu79/go-production-api/internal/delivery/http/handler/user_handler.go:133.2,134.16 2 1
github.com/nursu79/go-production-api/internal/delivery/http/handler/user_handler.go:134.16,137.3 2 0
github.com/nursu79/go-production-api/internal/delivery/http/handler/user_handler.go:140.2,147.46 2 1
github.com/nursu79/go-production-api/internal/delivery/http/handler/user_handler.go:156.72,158.9 2 0
github.com/nursu79/go-production-api/internal/delivery/http/handler/user_handler.go:158.9,161.3 2 0
github.com/nursu79/go-production-api/internal/delivery/http/handler/user_handler.go:163.2,164.16 2 0
github.com/nursu79/go-production-api/internal/delivery/http/handler/user_handler.go:164.16,167.3 2 0
github.com/nursu79/go-production-api/internal/delivery/http/handler/user_handler.go:169.2,170.61 2 0
github.com/nursu79/go-production-api/internal/delivery/http/handler/user_handler.go:170.61,173.3 2 0
github.com/nursu79/go-production-api/internal/delivery/http/handler/user_handler.go:176.2,177.16 2 0
github.com/nursu79/go-production-api/internal/delivery/http/handler/user_handler.go:177.16,180.3 2 0
github.com/nursu79/go-production-api/internal/delivery/http/handler/user_handler.go:182.2,189.46 2 0
